INFO 2025-07-07 03:49:56,656 autoreload 32860 4412 Watching for file changes with StatReloader
INFO 2025-07-07 03:50:04,996 basehttp 32860 20752 "GET / HTTP/1.1" 200 2223
INFO 2025-07-07 03:50:12,467 basehttp 32860 20752 "GET /?format=openapi HTTP/1.1" 200 1873
INFO 2025-07-07 03:56:03,152 autoreload 32860 4412 C:\Users\user\Desktop\cursorbuild\thelifevoyageEnv\thelifevoyage\app\views.py changed, reloading.
INFO 2025-07-07 03:56:06,395 autoreload 30300 19604 Watching for file changes with StatReloader
INFO 2025-07-07 03:56:13,144 autoreload 30300 19604 C:\Users\user\Desktop\cursorbuild\thelifevoyageEnv\thelifevoyage\app\urls.py changed, reloading.
INFO 2025-07-07 03:56:16,371 autoreload 29716 19908 Watching for file changes with StatReloader
INFO 2025-07-07 03:56:33,153 autoreload 29716 19908 C:\Users\user\Desktop\cursorbuild\thelifevoyageEnv\thelifevoyage\app\urls.py changed, reloading.
INFO 2025-07-07 03:56:36,604 autoreload 30692 29168 Watching for file changes with StatReloader
INFO 2025-07-07 03:56:45,413 basehttp 30692 26400 "GET / HTTP/1.1" 200 2223
INFO 2025-07-07 03:56:52,732 basehttp 30692 26400 "GET /?format=openapi HTTP/1.1" 200 3926
INFO 2025-07-07 03:57:12,198 autoreload 30692 29168 C:\Users\user\Desktop\cursorbuild\thelifevoyageEnv\thelifevoyage\app\views.py changed, reloading.
INFO 2025-07-07 03:57:15,012 autoreload 11456 6316 Watching for file changes with StatReloader
INFO 2025-07-07 03:57:24,680 autoreload 11456 6316 C:\Users\user\Desktop\cursorbuild\thelifevoyageEnv\thelifevoyage\app\views.py changed, reloading.
INFO 2025-07-07 03:57:28,243 autoreload 1892 26304 Watching for file changes with StatReloader
INFO 2025-07-07 03:57:32,907 basehttp 1892 27508 "GET / HTTP/1.1" 200 2223
INFO 2025-07-07 03:57:36,309 basehttp 1892 27508 "GET /?format=openapi HTTP/1.1" 200 3013
ERROR 2025-07-07 03:58:10,038 log 1892 27508 Internal Server Error: /app/send-email/
Traceback (most recent call last):
  File "C:\Users\user\Desktop\cursorbuild\thelifevoyageEnv\lib\site-packages\django\db\backends\utils.py", line 105, in _execute
    return self.cursor.execute(sql, params)
  File "C:\Users\user\Desktop\cursorbuild\thelifevoyageEnv\lib\site-packages\django\db\backends\sqlite3\base.py", line 360, in execute
    return super().execute(query, params)
sqlite3.OperationalError: no such table: app_contactsubmission

The above exception was the direct cause of the following exception:

Traceback (most recent call last):
  File "C:\Users\user\Desktop\cursorbuild\thelifevoyageEnv\lib\site-packages\django\core\handlers\exception.py", line 55, in inner
    response = get_response(request)
  File "C:\Users\user\Desktop\cursorbuild\thelifevoyageEnv\lib\site-packages\django\core\handlers\base.py", line 197, in _get_response
    response = wrapped_callback(request, *callback_args, **callback_kwargs)
  File "C:\Users\user\Desktop\cursorbuild\thelifevoyageEnv\lib\site-packages\django\views\decorators\csrf.py", line 65, in _view_wrapper
    return view_func(request, *args, **kwargs)
  File "C:\Users\user\Desktop\cursorbuild\thelifevoyageEnv\lib\site-packages\django\views\generic\base.py", line 105, in view
    return self.dispatch(request, *args, **kwargs)
  File "C:\Users\user\Desktop\cursorbuild\thelifevoyageEnv\lib\site-packages\rest_framework\views.py", line 515, in dispatch
    response = self.handle_exception(exc)
  File "C:\Users\user\Desktop\cursorbuild\thelifevoyageEnv\lib\site-packages\rest_framework\views.py", line 475, in handle_exception
    self.raise_uncaught_exception(exc)
  File "C:\Users\user\Desktop\cursorbuild\thelifevoyageEnv\lib\site-packages\rest_framework\views.py", line 486, in raise_uncaught_exception
    raise exc
  File "C:\Users\user\Desktop\cursorbuild\thelifevoyageEnv\lib\site-packages\rest_framework\views.py", line 512, in dispatch
    response = handler(request, *args, **kwargs)
  File "C:\Users\user\Desktop\cursorbuild\thelifevoyageEnv\thelifevoyage\app\views.py", line 21, in post
    contact_submission = serializer.save()
  File "C:\Users\user\Desktop\cursorbuild\thelifevoyageEnv\lib\site-packages\rest_framework\serializers.py", line 210, in save
    self.instance = self.create(validated_data)
  File "C:\Users\user\Desktop\cursorbuild\thelifevoyageEnv\lib\site-packages\rest_framework\serializers.py", line 991, in create
    instance = ModelClass._default_manager.create(**validated_data)
  File "C:\Users\user\Desktop\cursorbuild\thelifevoyageEnv\lib\site-packages\django\db\models\manager.py", line 87, in manager_method
    return getattr(self.get_queryset(), name)(*args, **kwargs)
  File "C:\Users\user\Desktop\cursorbuild\thelifevoyageEnv\lib\site-packages\django\db\models\query.py", line 663, in create
    obj.save(force_insert=True, using=self.db)
  File "C:\Users\user\Desktop\cursorbuild\thelifevoyageEnv\lib\site-packages\django\db\models\base.py", line 902, in save
    self.save_base(
  File "C:\Users\user\Desktop\cursorbuild\thelifevoyageEnv\lib\site-packages\django\db\models\base.py", line 1008, in save_base
    updated = self._save_table(
  File "C:\Users\user\Desktop\cursorbuild\thelifevoyageEnv\lib\site-packages\django\db\models\base.py", line 1169, in _save_table
    results = self._do_insert(
  File "C:\Users\user\Desktop\cursorbuild\thelifevoyageEnv\lib\site-packages\django\db\models\base.py", line 1210, in _do_insert
    return manager._insert(
  File "C:\Users\user\Desktop\cursorbuild\thelifevoyageEnv\lib\site-packages\django\db\models\manager.py", line 87, in manager_method
    return getattr(self.get_queryset(), name)(*args, **kwargs)
  File "C:\Users\user\Desktop\cursorbuild\thelifevoyageEnv\lib\site-packages\django\db\models\query.py", line 1868, in _insert
    return query.get_compiler(using=using).execute_sql(returning_fields)
  File "C:\Users\user\Desktop\cursorbuild\thelifevoyageEnv\lib\site-packages\django\db\models\sql\compiler.py", line 1882, in execute_sql
    cursor.execute(sql, params)
  File "C:\Users\user\Desktop\cursorbuild\thelifevoyageEnv\lib\site-packages\django\db\backends\utils.py", line 122, in execute
    return super().execute(sql, params)
  File "C:\Users\user\Desktop\cursorbuild\thelifevoyageEnv\lib\site-packages\django\db\backends\utils.py", line 79, in execute
    return self._execute_with_wrappers(
  File "C:\Users\user\Desktop\cursorbuild\thelifevoyageEnv\lib\site-packages\django\db\backends\utils.py", line 92, in _execute_with_wrappers
    return executor(sql, params, many, context)
  File "C:\Users\user\Desktop\cursorbuild\thelifevoyageEnv\lib\site-packages\django\db\backends\utils.py", line 100, in _execute
    with self.db.wrap_database_errors:
  File "C:\Users\user\Desktop\cursorbuild\thelifevoyageEnv\lib\site-packages\django\db\utils.py", line 91, in __exit__
    raise dj_exc_value.with_traceback(traceback) from exc_value
  File "C:\Users\user\Desktop\cursorbuild\thelifevoyageEnv\lib\site-packages\django\db\backends\utils.py", line 105, in _execute
    return self.cursor.execute(sql, params)
  File "C:\Users\user\Desktop\cursorbuild\thelifevoyageEnv\lib\site-packages\django\db\backends\sqlite3\base.py", line 360, in execute
    return super().execute(query, params)
django.db.utils.OperationalError: no such table: app_contactsubmission
ERROR 2025-07-07 03:58:10,065 basehttp 1892 27508 "POST /app/send-email/ HTTP/1.1" 500 25081
ERROR 2025-07-07 03:58:48,775 views 1892 27508 Email sending failed for submission 1: Failed to send email: [SSL: CERTIFICATE_VERIFY_FAILED] certificate verify failed: Hostname mismatch, certificate is not valid for 'mail.thelifevoyage.com'. (_ssl.c:997)
INFO 2025-07-07 03:58:48,779 basehttp 1892 27508 "POST /app/send-email/ HTTP/1.1" 201 290
INFO 2025-07-07 04:02:35,961 autoreload 1892 26304 C:\Users\user\Desktop\cursorbuild\thelifevoyageEnv\thelifevoyage\app\email_service.py changed, reloading.
INFO 2025-07-07 04:02:40,337 autoreload 26540 40568 Watching for file changes with StatReloader
ERROR 2025-07-07 04:03:07,067 views 26540 29224 Email sending failed for submission 2: Failed to send email: [SSL: CERTIFICATE_VERIFY_FAILED] certificate verify failed: Hostname mismatch, certificate is not valid for 'mail.thelifevoyage.com'. (_ssl.c:997)
INFO 2025-07-07 04:03:07,076 basehttp 26540 29224 "POST /app/send-email/ HTTP/1.1" 201 290
ERROR 2025-07-07 04:35:25,260 views 26540 15120 Email sending failed for submission 3: Failed to send email: [SSL: CERTIFICATE_VERIFY_FAILED] certificate verify failed: Hostname mismatch, certificate is not valid for 'mail.thelifevoyage.com'. (_ssl.c:997)
INFO 2025-07-07 04:35:25,271 basehttp 26540 15120 "POST /app/send-email/ HTTP/1.1" 201 290
ERROR 2025-07-07 04:35:52,138 views 26540 15120 Email sending failed for submission 4: Failed to send email: [SSL: CERTIFICATE_VERIFY_FAILED] certificate verify failed: Hostname mismatch, certificate is not valid for 'mail.thelifevoyage.com'. (_ssl.c:997)
INFO 2025-07-07 04:35:52,141 basehttp 26540 15120 "POST /app/send-email/ HTTP/1.1" 201 290
INFO 2025-07-07 04:36:20,344 autoreload 39972 34308 Watching for file changes with StatReloader
INFO 2025-07-07 04:37:24,245 basehttp 39972 21384 "POST /app/send-email/ HTTP/1.1" 201 56
INFO 2025-07-07 04:52:25,245 basehttp 39972 20436 "POST /app/confirmation/ HTTP/1.1" 201 58
INFO 2025-07-07 04:55:00,279 autoreload 39972 34308 C:\Users\user\Desktop\cursorbuild\thelifevoyageEnv\thelifevoyage\app\admin.py changed, reloading.
INFO 2025-07-07 04:55:03,461 autoreload 39624 38640 Watching for file changes with StatReloader
INFO 2025-07-07 04:55:14,701 autoreload 39624 38640 C:\Users\user\Desktop\cursorbuild\thelifevoyageEnv\thelifevoyage\app\admin.py changed, reloading.
INFO 2025-07-07 04:55:18,621 autoreload 32284 11292 Watching for file changes with StatReloader
INFO 2025-07-07 04:56:01,739 basehttp 32284 13116 "GET /admin/ HTTP/1.1" 302 0
INFO 2025-07-07 04:56:02,124 basehttp 32284 13116 "GET /admin/login/?next=/admin/ HTTP/1.1" 200 4204
INFO 2025-07-07 04:56:02,467 basehttp 32284 13116 "GET /static/admin/css/login.css HTTP/1.1" 200 951
INFO 2025-07-07 04:56:15,454 basehttp 32284 13116 "POST /admin/login/?next=/admin/ HTTP/1.1" 200 4372
INFO 2025-07-07 04:56:59,988 basehttp 32284 13116 "POST /admin/login/?next=/admin/ HTTP/1.1" 302 0
INFO 2025-07-07 04:57:00,338 basehttp 32284 13116 "GET /admin/ HTTP/1.1" 200 10835
INFO 2025-07-07 04:57:00,472 basehttp 32284 13116 "GET /static/admin/css/dashboard.css HTTP/1.1" 200 441
INFO 2025-07-07 04:57:02,010 basehttp 32284 13116 "GET /static/admin/img/icon-changelink.svg HTTP/1.1" 200 380
INFO 2025-07-07 04:57:18,022 basehttp 32284 13116 "GET /admin/app/contactsubmission/ HTTP/1.1" 200 17504
INFO 2025-07-07 04:57:18,204 basehttp 32284 13116 "GET /static/admin/css/changelists.css HTTP/1.1" 200 6878
INFO 2025-07-07 04:57:18,232 basehttp 32284 27952 "GET /static/admin/js/jquery.init.js HTTP/1.1" 200 347
INFO 2025-07-07 04:57:18,274 basehttp 32284 12760 "GET /static/admin/js/actions.js HTTP/1.1" 200 8076
INFO 2025-07-07 04:57:18,282 basehttp 32284 18032 "GET /static/admin/js/core.js HTTP/1.1" 200 6208
INFO 2025-07-07 04:57:18,333 basehttp 32284 25752 "GET /static/admin/js/admin/RelatedObjectLookups.js HTTP/1.1" 200 9777
INFO 2025-07-07 04:57:18,348 basehttp 32284 13116 "GET /static/admin/js/urlify.js HTTP/1.1" 200 7887
INFO 2025-07-07 04:57:18,361 basehttp 32284 18032 "GET /static/admin/js/prepopulate.js HTTP/1.1" 200 1531
INFO 2025-07-07 04:57:18,376 basehttp 32284 25752 "GET /static/admin/img/search.svg HTTP/1.1" 200 458
INFO 2025-07-07 04:57:18,409 basehttp 32284 27952 "GET /admin/jsi18n/ HTTP/1.1" 200 3342
INFO 2025-07-07 04:57:18,417 basehttp 32284 28144 "GET /static/admin/js/vendor/jquery/jquery.js HTTP/1.1" 200 285314
INFO 2025-07-07 04:57:18,607 basehttp 32284 12760 "GET /static/admin/js/vendor/xregexp/xregexp.js HTTP/1.1" 200 325171
INFO 2025-07-07 04:57:19,982 basehttp 32284 12760 "GET /static/admin/js/filters.js HTTP/1.1" 200 978
INFO 2025-07-07 04:57:20,534 basehttp 32284 12760 "GET /static/admin/img/tooltag-add.svg HTTP/1.1" 200 331
INFO 2025-07-07 04:57:20,538 basehttp 32284 28144 "GET /static/admin/img/sorting-icons.svg HTTP/1.1" 200 1097
INFO 2025-07-07 04:57:20,538 basehttp 32284 27952 "GET /static/admin/img/icon-viewlink.svg HTTP/1.1" 200 581
INFO 2025-07-07 04:57:34,511 basehttp 32284 27952 "GET /admin/app/contactsubmission/5/change/ HTTP/1.1" 200 16117
INFO 2025-07-07 04:57:34,623 basehttp 32284 28144 "GET /admin/jsi18n/ HTTP/1.1" 200 3342
INFO 2025-07-07 04:57:34,637 basehttp 32284 27952 "GET /static/admin/css/forms.css HTTP/1.1" 200 8525
INFO 2025-07-07 04:57:34,650 basehttp 32284 12760 "GET /static/admin/js/prepopulate_init.js HTTP/1.1" 200 586
INFO 2025-07-07 04:57:36,300 basehttp 32284 12760 "GET /static/admin/css/widgets.css HTTP/1.1" 200 11991
INFO 2025-07-07 04:57:36,302 basehttp 32284 27952 "GET /static/admin/js/change_form.js HTTP/1.1" 200 606
INFO 2025-07-07 04:57:50,601 basehttp 32284 27952 "GET /admin/app/contactsubmission/ HTTP/1.1" 200 17504
INFO 2025-07-07 04:57:50,755 basehttp 32284 27952 "GET /admin/jsi18n/ HTTP/1.1" 200 3342
INFO 2025-07-07 04:57:56,977 basehttp 32284 27952 "GET /admin/app/paymentconfirmation/ HTTP/1.1" 200 15592
INFO 2025-07-07 04:57:57,104 basehttp 32284 27952 "GET /admin/jsi18n/ HTTP/1.1" 200 3342
INFO 2025-07-07 06:48:51,701 autoreload 24188 5760 Watching for file changes with StatReloader
INFO 2025-07-07 06:49:19,275 basehttp 24188 39092 "GET / HTTP/1.1" 200 2452
INFO 2025-07-07 06:49:24,906 basehttp 24188 39092 "GET /?format=openapi HTTP/1.1" 200 3013
INFO 2025-07-07 06:58:44,094 basehttp 24188 16544 "POST /app/send-email/ HTTP/1.1" 201 56
INFO 2025-07-07 15:25:12,312 autoreload 24188 5760 C:\Users\user\Desktop\cursorbuild\thelifevoyageEnv\thelifevoyage\app\models.py changed, reloading.
INFO 2025-07-07 15:25:14,279 autoreload 25160 36780 Watching for file changes with StatReloader
INFO 2025-07-07 15:25:24,541 autoreload 25160 36780 C:\Users\user\Desktop\cursorbuild\thelifevoyageEnv\thelifevoyage\app\serializers.py changed, reloading.
INFO 2025-07-07 15:25:26,396 autoreload 23528 16048 Watching for file changes with StatReloader
INFO 2025-07-07 15:28:38,774 autoreload 23528 16048 C:\Users\user\Desktop\cursorbuild\thelifevoyageEnv\thelifevoyage\app\admin.py changed, reloading.
INFO 2025-07-07 15:28:40,420 autoreload 10468 22924 Watching for file changes with StatReloader
INFO 2025-07-07 15:28:51,713 autoreload 10468 22924 C:\Users\user\Desktop\cursorbuild\thelifevoyageEnv\thelifevoyage\app\email_service.py changed, reloading.
INFO 2025-07-07 15:28:53,267 autoreload 31028 24320 Watching for file changes with StatReloader
INFO 2025-07-07 15:33:06,746 autoreload 31028 24320 C:\Users\user\Desktop\cursorbuild\thelifevoyageEnv\thelifevoyage\app\email_service.py changed, reloading.
INFO 2025-07-07 15:33:09,117 autoreload 21792 12156 Watching for file changes with StatReloader
INFO 2025-07-07 15:35:07,809 autoreload 21792 12156 C:\Users\user\Desktop\cursorbuild\thelifevoyageEnv\thelifevoyage\thelifevoyage\settings.py changed, reloading.
INFO 2025-07-07 15:35:10,072 autoreload 29304 15900 Watching for file changes with StatReloader
INFO 2025-07-07 15:35:31,852 autoreload 6720 6016 Watching for file changes with StatReloader
INFO 2025-07-07 15:36:01,073 basehttp 6720 29800 "GET / HTTP/1.1" 200 2452
INFO 2025-07-07 15:36:06,576 basehttp 6720 29800 "GET /?format=openapi HTTP/1.1" 200 3552
INFO 2025-07-07 15:37:19,878 basehttp 6720 19860 "POST /app/confirmation/ HTTP/1.1" 201 58
INFO 2025-07-07 15:44:03,049 autoreload 6720 6016 C:\Users\user\Desktop\cursorbuild\thelifevoyageEnv\thelifevoyage\app\views.py changed, reloading.
INFO 2025-07-07 15:44:06,345 autoreload 2440 6652 Watching for file changes with StatReloader
INFO 2025-07-07 15:44:17,377 autoreload 2440 6652 C:\Users\user\Desktop\cursorbuild\thelifevoyageEnv\thelifevoyage\app\views.py changed, reloading.
INFO 2025-07-07 15:44:18,820 autoreload 28644 25748 Watching for file changes with StatReloader
INFO 2025-07-07 15:53:17,740 basehttp 28644 4392 "POST /app/confirmation/ HTTP/1.1" 201 81
INFO 2025-07-07 15:56:40,603 autoreload 28644 25748 C:\Users\user\Desktop\cursorbuild\thelifevoyageEnv\thelifevoyage\app\models.py changed, reloading.
INFO 2025-07-07 15:56:41,540 autoreload 3156 21340 Watching for file changes with StatReloader
INFO 2025-07-07 15:56:43,474 autoreload 3156 21340 C:\Users\user\Desktop\cursorbuild\thelifevoyageEnv\thelifevoyage\app\models.py changed, reloading.
INFO 2025-07-07 15:56:45,058 autoreload 34776 9620 Watching for file changes with StatReloader
INFO 2025-07-07 15:56:49,362 autoreload 34776 9620 C:\Users\user\Desktop\cursorbuild\thelifevoyageEnv\thelifevoyage\app\models.py changed, reloading.
INFO 2025-07-07 15:56:50,758 autoreload 30088 19904 Watching for file changes with StatReloader
INFO 2025-07-07 15:56:54,866 autoreload 30088 19904 C:\Users\user\Desktop\cursorbuild\thelifevoyageEnv\thelifevoyage\app\models.py changed, reloading.
INFO 2025-07-07 15:56:56,218 autoreload 39116 39528 Watching for file changes with StatReloader
INFO 2025-07-07 15:57:28,014 autoreload 39116 39528 C:\Users\user\Desktop\cursorbuild\thelifevoyageEnv\thelifevoyage\app\models.py changed, reloading.
INFO 2025-07-07 15:57:29,096 autoreload 3136 33348 Watching for file changes with StatReloader
INFO 2025-07-07 15:57:38,177 autoreload 3136 33348 C:\Users\user\Desktop\cursorbuild\thelifevoyageEnv\thelifevoyage\app\models.py changed, reloading.
INFO 2025-07-07 15:57:39,813 autoreload 14352 21124 Watching for file changes with StatReloader
INFO 2025-07-07 16:00:12,608 basehttp 14352 38052 "POST /app/confirmation/ HTTP/1.1" 201 79
INFO 2025-07-07 16:05:41,999 autoreload 14352 21124 C:\Users\user\Desktop\cursorbuild\thelifevoyageEnv\thelifevoyage\app\views.py changed, reloading.
INFO 2025-07-07 16:05:43,666 autoreload 11308 16444 Watching for file changes with StatReloader
INFO 2025-07-07 16:05:46,769 autoreload 11308 16444 C:\Users\user\Desktop\cursorbuild\thelifevoyageEnv\thelifevoyage\app\views.py changed, reloading.
INFO 2025-07-07 16:05:48,397 autoreload 30500 17080 Watching for file changes with StatReloader
INFO 2025-07-07 16:05:50,301 autoreload 30500 17080 C:\Users\user\Desktop\cursorbuild\thelifevoyageEnv\thelifevoyage\app\views.py changed, reloading.
INFO 2025-07-07 16:05:52,431 autoreload 17732 35192 Watching for file changes with StatReloader
INFO 2025-07-07 16:05:55,350 autoreload 17732 35192 C:\Users\user\Desktop\cursorbuild\thelifevoyageEnv\thelifevoyage\app\views.py changed, reloading.
INFO 2025-07-07 16:05:57,046 autoreload 25348 15052 Watching for file changes with StatReloader
INFO 2025-07-07 16:05:58,569 autoreload 25348 15052 C:\Users\user\Desktop\cursorbuild\thelifevoyageEnv\thelifevoyage\app\views.py changed, reloading.
INFO 2025-07-07 16:05:59,660 autoreload 35920 6212 Watching for file changes with StatReloader
INFO 2025-07-07 16:06:10,259 autoreload 35920 6212 C:\Users\user\Desktop\cursorbuild\thelifevoyageEnv\thelifevoyage\app\views.py changed, reloading.
INFO 2025-07-07 16:06:14,703 autoreload 27100 8980 Watching for file changes with StatReloader
INFO 2025-07-07 16:06:23,693 autoreload 27100 8980 C:\Users\user\Desktop\cursorbuild\thelifevoyageEnv\thelifevoyage\app\views.py changed, reloading.
INFO 2025-07-07 16:06:25,875 autoreload 3592 17816 Watching for file changes with StatReloader
INFO 2025-07-07 16:06:35,445 autoreload 3592 17816 C:\Users\user\Desktop\cursorbuild\thelifevoyageEnv\thelifevoyage\app\views.py changed, reloading.
INFO 2025-07-07 16:06:36,900 autoreload 15964 14752 Watching for file changes with StatReloader
INFO 2025-07-07 16:06:42,996 autoreload 15964 14752 C:\Users\user\Desktop\cursorbuild\thelifevoyageEnv\thelifevoyage\app\views.py changed, reloading.
INFO 2025-07-07 16:06:44,746 autoreload 37972 39772 Watching for file changes with StatReloader
INFO 2025-07-07 16:06:48,631 autoreload 37972 39772 C:\Users\user\Desktop\cursorbuild\thelifevoyageEnv\thelifevoyage\app\views.py changed, reloading.
INFO 2025-07-07 16:06:50,019 autoreload 40956 23940 Watching for file changes with StatReloader
INFO 2025-07-07 16:06:53,007 autoreload 40956 23940 C:\Users\user\Desktop\cursorbuild\thelifevoyageEnv\thelifevoyage\app\views.py changed, reloading.
INFO 2025-07-07 16:06:54,420 autoreload 15968 7668 Watching for file changes with StatReloader
INFO 2025-07-07 16:07:00,590 autoreload 15968 7668 C:\Users\user\Desktop\cursorbuild\thelifevoyageEnv\thelifevoyage\app\views.py changed, reloading.
INFO 2025-07-07 16:07:01,709 autoreload 19536 20224 Watching for file changes with StatReloader
INFO 2025-07-07 16:07:04,319 autoreload 19536 20224 C:\Users\user\Desktop\cursorbuild\thelifevoyageEnv\thelifevoyage\app\views.py changed, reloading.
INFO 2025-07-07 16:07:05,429 autoreload 25736 13448 Watching for file changes with StatReloader
INFO 2025-07-07 16:07:09,648 autoreload 25736 13448 C:\Users\user\Desktop\cursorbuild\thelifevoyageEnv\thelifevoyage\app\views.py changed, reloading.
INFO 2025-07-07 16:07:11,794 autoreload 17740 40720 Watching for file changes with StatReloader
INFO 2025-07-07 16:07:16,174 autoreload 17740 40720 C:\Users\user\Desktop\cursorbuild\thelifevoyageEnv\thelifevoyage\app\views.py changed, reloading.
INFO 2025-07-07 16:07:17,270 autoreload 32392 21792 Watching for file changes with StatReloader
INFO 2025-07-07 16:07:19,466 autoreload 32392 21792 C:\Users\user\Desktop\cursorbuild\thelifevoyageEnv\thelifevoyage\app\views.py changed, reloading.
INFO 2025-07-07 16:07:21,201 autoreload 20604 21936 Watching for file changes with StatReloader
INFO 2025-07-07 16:08:36,168 autoreload 20604 21936 C:\Users\user\Desktop\cursorbuild\thelifevoyageEnv\thelifevoyage\app\email_service.py changed, reloading.
INFO 2025-07-07 16:08:37,894 autoreload 9576 35780 Watching for file changes with StatReloader
INFO 2025-07-07 16:10:42,231 autoreload 9576 35780 C:\Users\user\Desktop\cursorbuild\thelifevoyageEnv\thelifevoyage\app\email_service.py changed, reloading.
INFO 2025-07-07 16:10:43,785 autoreload 16820 26412 Watching for file changes with StatReloader
ERROR 2025-07-07 16:11:52,805 log 16820 36256 Internal Server Error: /app/confirmation/
Traceback (most recent call last):
  File "C:\Users\user\Desktop\cursorbuild\thelifevoyageEnv\lib\site-packages\django\core\handlers\exception.py", line 55, in inner
    response = get_response(request)
  File "C:\Users\user\Desktop\cursorbuild\thelifevoyageEnv\lib\site-packages\django\core\handlers\base.py", line 197, in _get_response
    response = wrapped_callback(request, *callback_args, **callback_kwargs)
  File "C:\Users\user\Desktop\cursorbuild\thelifevoyageEnv\lib\site-packages\django\views\decorators\csrf.py", line 65, in _view_wrapper
    return view_func(request, *args, **kwargs)
  File "C:\Users\user\Desktop\cursorbuild\thelifevoyageEnv\lib\site-packages\django\views\generic\base.py", line 105, in view
    return self.dispatch(request, *args, **kwargs)
  File "C:\Users\user\Desktop\cursorbuild\thelifevoyageEnv\lib\site-packages\rest_framework\views.py", line 515, in dispatch
    response = self.handle_exception(exc)
  File "C:\Users\user\Desktop\cursorbuild\thelifevoyageEnv\lib\site-packages\rest_framework\views.py", line 475, in handle_exception
    self.raise_uncaught_exception(exc)
  File "C:\Users\user\Desktop\cursorbuild\thelifevoyageEnv\lib\site-packages\rest_framework\views.py", line 486, in raise_uncaught_exception
    raise exc
  File "C:\Users\user\Desktop\cursorbuild\thelifevoyageEnv\lib\site-packages\rest_framework\views.py", line 512, in dispatch
    response = handler(request, *args, **kwargs)
  File "C:\Users\user\Desktop\cursorbuild\thelifevoyageEnv\thelifevoyage\app\views.py", line 54, in post
    if full_data['service_name'] == 'Comprehensive Cancer Care' and full_data['status'] == 'succeeded' and full_data['amount'] <= 800:
TypeError: '<=' not supported between instances of 'str' and 'int'
ERROR 2025-07-07 16:11:52,808 basehttp 16820 36256 "POST /app/confirmation/ HTTP/1.1" 500 21700
INFO 2025-07-07 16:12:19,069 autoreload 16820 26412 C:\Users\user\Desktop\cursorbuild\thelifevoyageEnv\thelifevoyage\app\views.py changed, reloading.
INFO 2025-07-07 16:12:21,077 autoreload 34052 28112 Watching for file changes with StatReloader
INFO 2025-07-07 16:12:33,621 autoreload 34052 28112 C:\Users\user\Desktop\cursorbuild\thelifevoyageEnv\thelifevoyage\app\views.py changed, reloading.
INFO 2025-07-07 16:12:34,939 autoreload 33676 26508 Watching for file changes with StatReloader
INFO 2025-07-07 16:12:37,439 autoreload 33676 26508 C:\Users\user\Desktop\cursorbuild\thelifevoyageEnv\thelifevoyage\app\views.py changed, reloading.
INFO 2025-07-07 16:12:38,814 autoreload 27212 3596 Watching for file changes with StatReloader
INFO 2025-07-07 16:12:50,878 autoreload 27212 3596 C:\Users\user\Desktop\cursorbuild\thelifevoyageEnv\thelifevoyage\app\views.py changed, reloading.
INFO 2025-07-07 16:12:52,812 autoreload 24816 17656 Watching for file changes with StatReloader
INFO 2025-07-07 16:12:55,348 autoreload 24816 17656 C:\Users\user\Desktop\cursorbuild\thelifevoyageEnv\thelifevoyage\app\views.py changed, reloading.
INFO 2025-07-07 16:12:57,636 autoreload 26276 2600 Watching for file changes with StatReloader
ERROR 2025-07-07 16:13:06,348 log 26276 4328 Internal Server Error: /app/confirmation/
Traceback (most recent call last):
  File "C:\Users\user\Desktop\cursorbuild\thelifevoyageEnv\lib\site-packages\django\core\handlers\exception.py", line 55, in inner
    response = get_response(request)
  File "C:\Users\user\Desktop\cursorbuild\thelifevoyageEnv\lib\site-packages\django\core\handlers\base.py", line 197, in _get_response
    response = wrapped_callback(request, *callback_args, **callback_kwargs)
  File "C:\Users\user\Desktop\cursorbuild\thelifevoyageEnv\lib\site-packages\django\views\decorators\csrf.py", line 65, in _view_wrapper
    return view_func(request, *args, **kwargs)
  File "C:\Users\user\Desktop\cursorbuild\thelifevoyageEnv\lib\site-packages\django\views\generic\base.py", line 105, in view
    return self.dispatch(request, *args, **kwargs)
  File "C:\Users\user\Desktop\cursorbuild\thelifevoyageEnv\lib\site-packages\rest_framework\views.py", line 515, in dispatch
    response = self.handle_exception(exc)
  File "C:\Users\user\Desktop\cursorbuild\thelifevoyageEnv\lib\site-packages\rest_framework\views.py", line 475, in handle_exception
    self.raise_uncaught_exception(exc)
  File "C:\Users\user\Desktop\cursorbuild\thelifevoyageEnv\lib\site-packages\rest_framework\views.py", line 486, in raise_uncaught_exception
    raise exc
  File "C:\Users\user\Desktop\cursorbuild\thelifevoyageEnv\lib\site-packages\rest_framework\views.py", line 512, in dispatch
    response = handler(request, *args, **kwargs)
  File "C:\Users\user\Desktop\cursorbuild\thelifevoyageEnv\thelifevoyage\app\views.py", line 54, in post
    if full_data['service_name'] == 'Comprehensive Cancer Care' and full_data['status'] == 'succeeded' and int(full_data['amount']) <= 800:
ValueError: invalid literal for int() with base 10: '450.00'
ERROR 2025-07-07 16:13:06,352 basehttp 26276 4328 "POST /app/confirmation/ HTTP/1.1" 500 21693
INFO 2025-07-07 16:13:32,917 autoreload 26276 2600 C:\Users\user\Desktop\cursorbuild\thelifevoyageEnv\thelifevoyage\app\views.py changed, reloading.
INFO 2025-07-07 16:13:34,737 autoreload 21384 22000 Watching for file changes with StatReloader
INFO 2025-07-07 16:13:47,269 basehttp 21384 35672 "POST /app/confirmation/ HTTP/1.1" 201 79
INFO 2025-07-07 16:18:06,712 autoreload 21384 22000 C:\Users\user\Desktop\cursorbuild\thelifevoyageEnv\thelifevoyage\app\views.py changed, reloading.
INFO 2025-07-07 16:18:08,240 autoreload 29584 40184 Watching for file changes with StatReloader
INFO 2025-07-07 16:19:03,831 autoreload 29584 40184 C:\Users\user\Desktop\cursorbuild\thelifevoyageEnv\thelifevoyage\app\views.py changed, reloading.
INFO 2025-07-07 16:19:06,185 autoreload 17284 32416 Watching for file changes with StatReloader
INFO 2025-07-07 16:19:14,108 autoreload 17284 32416 C:\Users\user\Desktop\cursorbuild\thelifevoyageEnv\thelifevoyage\app\views.py changed, reloading.
INFO 2025-07-07 16:19:17,179 autoreload 33672 29220 Watching for file changes with StatReloader
INFO 2025-07-07 16:19:34,101 autoreload 33672 29220 C:\Users\user\Desktop\cursorbuild\thelifevoyageEnv\thelifevoyage\app\views.py changed, reloading.
INFO 2025-07-07 16:19:36,402 autoreload 32384 4460 Watching for file changes with StatReloader
INFO 2025-07-07 16:19:40,455 autoreload 32384 4460 C:\Users\user\Desktop\cursorbuild\thelifevoyageEnv\thelifevoyage\app\views.py changed, reloading.
INFO 2025-07-07 16:19:41,993 autoreload 27264 14992 Watching for file changes with StatReloader
INFO 2025-07-07 16:20:47,516 autoreload 27264 14992 C:\Users\user\Desktop\cursorbuild\thelifevoyageEnv\thelifevoyage\app\views.py changed, reloading.
INFO 2025-07-07 16:20:49,830 autoreload 30892 27384 Watching for file changes with StatReloader
INFO 2025-07-07 16:20:56,983 autoreload 30892 27384 C:\Users\user\Desktop\cursorbuild\thelifevoyageEnv\thelifevoyage\app\views.py changed, reloading.
INFO 2025-07-07 16:20:58,896 autoreload 37188 6164 Watching for file changes with StatReloader
INFO 2025-07-07 16:21:03,922 autoreload 37188 6164 C:\Users\user\Desktop\cursorbuild\thelifevoyageEnv\thelifevoyage\app\views.py changed, reloading.
INFO 2025-07-07 16:21:05,810 autoreload 32980 21340 Watching for file changes with StatReloader
INFO 2025-07-07 16:21:09,157 autoreload 32980 21340 C:\Users\user\Desktop\cursorbuild\thelifevoyageEnv\thelifevoyage\app\views.py changed, reloading.
INFO 2025-07-07 16:21:10,202 autoreload 32248 39860 Watching for file changes with StatReloader
INFO 2025-07-07 16:21:16,215 autoreload 32248 39860 C:\Users\user\Desktop\cursorbuild\thelifevoyageEnv\thelifevoyage\app\views.py changed, reloading.
INFO 2025-07-07 16:21:17,865 autoreload 10336 33368 Watching for file changes with StatReloader
INFO 2025-07-07 16:22:05,967 autoreload 10336 33368 C:\Users\user\Desktop\cursorbuild\thelifevoyageEnv\thelifevoyage\app\views.py changed, reloading.
INFO 2025-07-07 16:22:07,778 autoreload 12532 21200 Watching for file changes with StatReloader
INFO 2025-07-07 16:22:14,916 autoreload 12532 21200 C:\Users\user\Desktop\cursorbuild\thelifevoyageEnv\thelifevoyage\app\views.py changed, reloading.
INFO 2025-07-07 16:22:17,714 autoreload 35996 26380 Watching for file changes with StatReloader
INFO 2025-07-07 16:22:38,053 autoreload 35996 26380 C:\Users\user\Desktop\cursorbuild\thelifevoyageEnv\thelifevoyage\app\views.py changed, reloading.
INFO 2025-07-07 16:22:39,278 autoreload 31752 33772 Watching for file changes with StatReloader
INFO 2025-07-07 16:22:45,288 autoreload 31752 33772 C:\Users\user\Desktop\cursorbuild\thelifevoyageEnv\thelifevoyage\app\views.py changed, reloading.
INFO 2025-07-07 16:22:46,791 autoreload 21136 21328 Watching for file changes with StatReloader
INFO 2025-07-07 16:23:16,076 autoreload 21136 21328 C:\Users\user\Desktop\cursorbuild\thelifevoyageEnv\thelifevoyage\app\views.py changed, reloading.
INFO 2025-07-07 16:23:18,330 autoreload 37456 30404 Watching for file changes with StatReloader
INFO 2025-07-07 16:23:28,492 autoreload 37456 30404 C:\Users\user\Desktop\cursorbuild\thelifevoyageEnv\thelifevoyage\app\views.py changed, reloading.
INFO 2025-07-07 16:23:29,883 autoreload 33252 2116 Watching for file changes with StatReloader
INFO 2025-07-07 16:23:32,466 autoreload 33252 2116 C:\Users\user\Desktop\cursorbuild\thelifevoyageEnv\thelifevoyage\app\views.py changed, reloading.
INFO 2025-07-07 16:23:33,704 autoreload 5840 26516 Watching for file changes with StatReloader
INFO 2025-07-07 16:23:36,118 autoreload 5840 26516 C:\Users\user\Desktop\cursorbuild\thelifevoyageEnv\thelifevoyage\app\views.py changed, reloading.
INFO 2025-07-07 16:23:38,274 autoreload 21320 36620 Watching for file changes with StatReloader
INFO 2025-07-07 16:36:44,984 basehttp 21320 40316 "POST /app/confirmation/ HTTP/1.1" 201 79
